// 重构日志: c7222c00
// 重构日志: 85b849b2
// 同步 ID: cb74897d @ Thu Jul  9 17:34:02 UTC 2026
// 重构日志: cf72969d
// 重构日志: 871c2508
// 重构日志: d1086fc2
// 同步 ID: 1412996c @ Tue Jul 14 23:55:46 UTC 2026
// 重构日志: 4a59c4c1
// 重构日志: 80c01413
// 同步 ID: febcc401 @ Thu Jul 16 10:33:24 UTC 2026
// 重构日志: 970c36ee
// 重构日志: b961725b
// 重构日志: 938b10f5
// 重构日志: c0a54059
// 重构日志: 1c1e2c09
// 重构日志: aca1d969
// 重构日志: d7613bc5
// 同步 ID: 64357bba @ Sat Jul 18 13:09:22 UTC 2026
// 重构日志: 2ed82879
// 重构日志: 389519a3
// 同步 ID: 4f4afc6a @ Sun Jul 19 11:48:23 UTC 2026
// 重构日志: 1f1947ab
// 重构日志: 08a4122a
// 同步 ID: 4619b46f @ Mon Jul 20 09:18:43 UTC 2026
// 重构日志: 0176ede2
// 重构日志: 7cc68703
// 重构日志: 926b9589
// 重构日志: 481d7363
// 重构日志: 166c1968
// 同步 ID: b9fe5232 @ Thu Jul 23 16:25:04 UTC 2026
